********************************************************************************
PACKAGE-LOG: 2016-01-04 06:35:03
NOTICE: Do NOT post to public sites or forums 
********************************************************************************
VERSION:	1.1.0
WORDPRESS:	4.4
PHP INFO:	5.5.30 | SAPI: apache2handler
SERVER:		Apache/2.4.17 (Unix) OpenSSL/1.0.1q PHP/5.5.30 mod_perl/2.0.8-dev Perl/v5.16.3 
PHP TIME LIMIT: (0) no time limit imposed 
PHP MAX MEMORY: 5000M (128M default) 
MEMORY STACK: 30MB 

********************************************************************************
DATABASE:
********************************************************************************
BUILD MODE:   PHP(query limit - 100)
MYSQLTIMEOUT: 5000
MYSQLDUMP:    Not Supported 
TABLES: total:30 | filtered:0 | create:30 
FILTERED: [] 
SQL CREATED: 20151228_hmorentaautos_568a129054bfe4701160104063456_database.sql 
SQL FILE SIZE: 602.09KB (616536) 
SQL FILE TIME: 2016-01-04 06:35:03 
SQL RUNTIME: 0.08 sec. 

******************************************************************************** 
ARCHIVE (ZIP): 
******************************************************************************** 
ARCHIVE DIR:  /Applications/XAMPP/xamppfiles/htdocs/hmo 
ARCHIVE FILE: 20151228_hmorentaautos_568a129054bfe4701160104063456_archive.zip 
FILTERS: *OFF* 
DIRS:  not set 
EXTS:  not set 
---------------------------------------- 
COMPRESSING 
SIZE:	40.31MB 
STATS:	Dirs 316 | Files 2,538 
SQL ADDED: 20151228_hmorentaautos_568a129054bfe4701160104063456_database.sql 
ZipArchive Object
(
    [status] => 0
    [statusSys] => 0
    [numFiles] => 2854
    [filename] => /Applications/XAMPP/xamppfiles/htdocs/hmo/wp-snapshots/tmp/20151228_hmorentaautos_568a129054bfe4701160104063456_archive.zip
    [comment] => 
)
 
COMPRESSION RESULT: '1' 
COMPRESSED SIZE: 16.9MB 
ARCHIVE RUNTIME: 4.46 sec. 
MEMORY STACK: 31.25MB 

******************************************************************************** 
MAKE INSTALLER: 
******************************************************************************** 
Build Start 
Build Finished 
Preping for use 
Template parsed with new data 
Complete [/Applications/XAMPP/xamppfiles/htdocs/hmo/wp-snapshots/tmp/20151228_hmorentaautos_568a129054bfe4701160104063456_installer.php] 
Added to archive 

******************************************************************************** 
INTEGRITY CHECKS: 
******************************************************************************** 
SQL File: 602.09KB 
Installer File: 318.86KB 
Archive File: 16.9MB  

********************************************************************************
RECORD ID:[3]
TOTAL PROCESS RUNTIME: 4.97 sec.
PEAK PHP MEMORY USED: 33.75MB
DONE PROCESSING => 20151228_hmorentaautos 2016-01-04 06:35:08
 
